<?xml version="1.0" encoding="UTF-8"?>
<!-- Generated by org.testng.reporters.JUnitXMLReporter -->
<testsuite hostname="EXIHYD-IM-033" ignored="0" name="Default test" tests="5" failures="0" timestamp="10 Sep 2019 06:45:55 GMT" time="22.973" errors="0">
  <testcase name="LoginAuthentication" time="6.778" classname="PageTests.DriverScript"/>
  <testcase name="HomeViewAllApps" time="3.424" classname="PageTests.DriverScript"/>
  <testcase name="HomeLogoTest" time="3.367" classname="PageTests.DriverScript"/>
  <testcase name="UserDetails" time="4.78" classname="PageTests.DriverScript"/>
  <testcase name="LogoutAuthentication" time="4.222" classname="PageTests.DriverScript"/>
</testsuite> <!-- Default test -->
