<?xml version="1.0" encoding="UTF-8"?>
<testng-results skipped="0" failed="0" ignored="0" total="6" passed="6">
  <reporter-output>
  </reporter-output>
  <suite name="Suite" duration-ms="39392" started-at="2019-09-16T04:05:13 PDT" finished-at="2019-09-16T04:05:53 PDT">
    <groups>
    </groups>
    <test name="Test" duration-ms="39392" started-at="2019-09-16T04:05:13 PDT" finished-at="2019-09-16T04:05:53 PDT">
      <class name="PageTests.DriverScript">
        <test-method status="PASS" signature="startUp()[pri:0, instance:PageTests.DriverScript@2d6eabae]" name="startUp" is-config="true" duration-ms="4725" started-at="2019-09-16T04:05:08 PDT" finished-at="2019-09-16T04:05:13 PDT">
          <reporter-output>
          </reporter-output>
        </test-method> <!-- startUp -->
        <test-method status="PASS" signature="startReport()[pri:0, instance:PageTests.DriverScript@2d6eabae]" name="startReport" is-config="true" duration-ms="68" started-at="2019-09-16T04:05:13 PDT" finished-at="2019-09-16T04:05:13 PDT">
          <reporter-output>
          </reporter-output>
        </test-method> <!-- startReport -->
        <test-method status="PASS" signature="LoginAuthentication()[pri:0, instance:PageTests.DriverScript@2d6eabae]" name="LoginAuthentication" duration-ms="4645" started-at="2019-09-16T04:05:13 PDT" finished-at="2019-09-16T04:05:18 PDT">
          <reporter-output>
          </reporter-output>
        </test-method> <!-- LoginAuthentication -->
        <test-method status="PASS" signature="getResult(org.testng.ITestResult)[pri:0, instance:PageTests.DriverScript@2d6eabae]" name="getResult" is-config="true" duration-ms="2" started-at="2019-09-16T04:05:18 PDT" finished-at="2019-09-16T04:05:18 PDT">
          <params>
            <param index="0">
              <value>
                <![CDATA[[TestResult name=LoginAuthentication status=SUCCESS method=DriverScript.LoginAuthentication()[pri:0, instance:PageTests.DriverScript@2d6eabae] output={null}]]]>
              </value>
            </param>
          </params>
          <reporter-output>
          </reporter-output>
        </test-method> <!-- getResult -->
        <test-method status="PASS" signature="HomeViewAllApps()[pri:0, instance:PageTests.DriverScript@2d6eabae]" name="HomeViewAllApps" duration-ms="3193" started-at="2019-09-16T04:05:18 PDT" depends-on-methods="PageTests.DriverScript.LoginAuthentication" finished-at="2019-09-16T04:05:21 PDT">
          <reporter-output>
          </reporter-output>
        </test-method> <!-- HomeViewAllApps -->
        <test-method status="PASS" signature="getResult(org.testng.ITestResult)[pri:0, instance:PageTests.DriverScript@2d6eabae]" name="getResult" is-config="true" duration-ms="0" started-at="2019-09-16T04:05:21 PDT" finished-at="2019-09-16T04:05:21 PDT">
          <params>
            <param index="0">
              <value>
                <![CDATA[[TestResult name=HomeViewAllApps status=SUCCESS method=DriverScript.HomeViewAllApps()[pri:0, instance:PageTests.DriverScript@2d6eabae] output={null}]]]>
              </value>
            </param>
          </params>
          <reporter-output>
          </reporter-output>
        </test-method> <!-- getResult -->
        <test-method status="PASS" signature="HomeLogoTest()[pri:0, instance:PageTests.DriverScript@2d6eabae]" name="HomeLogoTest" duration-ms="4023" started-at="2019-09-16T04:05:21 PDT" depends-on-methods="PageTests.DriverScript.HomeViewAllApps" finished-at="2019-09-16T04:05:25 PDT">
          <reporter-output>
          </reporter-output>
        </test-method> <!-- HomeLogoTest -->
        <test-method status="PASS" signature="UserDetails()[pri:0, instance:PageTests.DriverScript@2d6eabae]" name="UserDetails" duration-ms="4379" started-at="2019-09-16T04:05:25 PDT" depends-on-methods="PageTests.DriverScript.HomeLogoTest" finished-at="2019-09-16T04:05:29 PDT">
          <reporter-output>
          </reporter-output>
        </test-method> <!-- UserDetails -->
        <test-method status="PASS" signature="getResult(org.testng.ITestResult)[pri:0, instance:PageTests.DriverScript@2d6eabae]" name="getResult" is-config="true" duration-ms="0" started-at="2019-09-16T04:05:25 PDT" finished-at="2019-09-16T04:05:25 PDT">
          <params>
            <param index="0">
              <value>
                <![CDATA[[TestResult name=HomeLogoTest status=SUCCESS method=DriverScript.HomeLogoTest()[pri:0, instance:PageTests.DriverScript@2d6eabae] output={null}]]]>
              </value>
            </param>
          </params>
          <reporter-output>
          </reporter-output>
        </test-method> <!-- getResult -->
        <test-method status="PASS" signature="getResult(org.testng.ITestResult)[pri:0, instance:PageTests.DriverScript@2d6eabae]" name="getResult" is-config="true" duration-ms="0" started-at="2019-09-16T04:05:29 PDT" finished-at="2019-09-16T04:05:29 PDT">
          <params>
            <param index="0">
              <value>
                <![CDATA[[TestResult name=UserDetails status=SUCCESS method=DriverScript.UserDetails()[pri:0, instance:PageTests.DriverScript@2d6eabae] output={null}]]]>
              </value>
            </param>
          </params>
          <reporter-output>
          </reporter-output>
        </test-method> <!-- getResult -->
        <test-method status="PASS" signature="corporate_()[pri:0, instance:PageTests.DriverScript@2d6eabae]" name="corporate_" duration-ms="17849" started-at="2019-09-16T04:05:29 PDT" depends-on-methods="PageTests.DriverScript.UserDetails" finished-at="2019-09-16T04:05:47 PDT">
          <reporter-output>
          </reporter-output>
        </test-method> <!-- corporate_ -->
        <test-method status="PASS" signature="getResult(org.testng.ITestResult)[pri:0, instance:PageTests.DriverScript@2d6eabae]" name="getResult" is-config="true" duration-ms="0" started-at="2019-09-16T04:05:47 PDT" finished-at="2019-09-16T04:05:47 PDT">
          <params>
            <param index="0">
              <value>
                <![CDATA[[TestResult name=corporate_ status=SUCCESS method=DriverScript.corporate_()[pri:0, instance:PageTests.DriverScript@2d6eabae] output={null}]]]>
              </value>
            </param>
          </params>
          <reporter-output>
          </reporter-output>
        </test-method> <!-- getResult -->
        <test-method status="PASS" signature="LogoutAuthentication()[pri:1, instance:PageTests.DriverScript@2d6eabae]" name="LogoutAuthentication" duration-ms="5010" started-at="2019-09-16T04:05:47 PDT" finished-at="2019-09-16T04:05:52 PDT">
          <reporter-output>
          </reporter-output>
        </test-method> <!-- LogoutAuthentication -->
        <test-method status="PASS" signature="getResult(org.testng.ITestResult)[pri:0, instance:PageTests.DriverScript@2d6eabae]" name="getResult" is-config="true" duration-ms="0" started-at="2019-09-16T04:05:52 PDT" finished-at="2019-09-16T04:05:52 PDT">
          <params>
            <param index="0">
              <value>
                <![CDATA[[TestResult name=LogoutAuthentication status=SUCCESS method=DriverScript.LogoutAuthentication()[pri:1, instance:PageTests.DriverScript@2d6eabae] output={null}]]]>
              </value>
            </param>
          </params>
          <reporter-output>
          </reporter-output>
        </test-method> <!-- getResult -->
        <test-method status="PASS" signature="endReport()[pri:0, instance:PageTests.DriverScript@2d6eabae]" name="endReport" is-config="true" duration-ms="193" started-at="2019-09-16T04:05:52 PDT" finished-at="2019-09-16T04:05:53 PDT">
          <reporter-output>
          </reporter-output>
        </test-method> <!-- endReport -->
        <test-method status="PASS" signature="cleanUp()[pri:0, instance:PageTests.DriverScript@2d6eabae]" name="cleanUp" is-config="true" duration-ms="178" started-at="2019-09-16T04:05:53 PDT" finished-at="2019-09-16T04:05:53 PDT">
          <reporter-output>
          </reporter-output>
        </test-method> <!-- cleanUp -->
      </class> <!-- PageTests.DriverScript -->
    </test> <!-- Test -->
  </suite> <!-- Suite -->
</testng-results>
